\BOOKMARK [1][-]{section.1}{Introduction}{}% 1
\BOOKMARK [1][-]{section.2}{Related\040Work}{}% 2
\BOOKMARK [1][-]{section.3}{SAT-Based\040Model}{}% 3
\BOOKMARK [2][-]{subsection.3.1}{Model\0401:\040Based\040on\040the\040Paper}{section.3}% 4
\BOOKMARK [2][-]{subsection.3.2}{Model\0402:\040Based\040on\040the\040Network\040Flow}{section.3}% 5
\BOOKMARK [2][-]{subsection.3.3}{Model\0403:\040The\040Mixed\040One}{section.3}% 6
\BOOKMARK [1][-]{section.4}{Optimization}{}% 7
\BOOKMARK [1][-]{section.5}{Results\040and\040Evaluation}{}% 8
\BOOKMARK [1][-]{section.6}{System\040Architecture}{}% 9
\BOOKMARK [2][-]{subsection.6.1}{Overview}{section.6}% 10
\BOOKMARK [2][-]{subsection.6.2}{Core}{section.6}% 11
\BOOKMARK [2][-]{subsection.6.3}{Checker}{section.6}% 12
\BOOKMARK [2][-]{subsection.6.4}{Evaluation}{section.6}% 13
\BOOKMARK [2][-]{subsection.6.5}{Demo}{section.6}% 14
\BOOKMARK [1][-]{section.7}{Data\040Flow}{}% 15
\BOOKMARK [2][-]{subsection.7.1}{Test}{section.7}% 16
\BOOKMARK [2][-]{subsection.7.2}{Report}{section.7}% 17
\BOOKMARK [2][-]{subsection.7.3}{Demo}{section.7}% 18
\BOOKMARK [1][-]{section.8}{Tutorial\040for\040GUI}{}% 19
\BOOKMARK [1][-]{section.9}{Conclusions}{}% 20
